<?xml version="1.0" encoding="utf-8"?><testsuites name="pytest tests"><testsuite name="pytest" errors="0" failures="0" skipped="0" tests="84" time="12.954" timestamp="2025-06-21T16:32:42.920546+09:00" hostname="SAS-PC-R-596"><testcase classname="tests.integration.test_tool_integration.TestToolIntegration" name="test_bulk_table_generation" time="1.285" /><testcase classname="tests.integration.test_tool_integration.TestToolIntegration" name="test_complete_workflow" time="1.005" /><testcase classname="tests.integration.test_tool_integration.TestToolIntegration" name="test_consistency_report_generation" time="0.716" /><testcase classname="tests.integration.test_tool_integration.TestToolIntegration" name="test_error_recovery_workflow" time="0.652" /><testcase classname="tests.performance.test_performance.TestBasicPerformance" name="test_basic_consistency_check_performance" time="0.086" /><testcase classname="tests.performance.test_performance.TestBasicPerformance" name="test_basic_table_generation_performance" time="0.272" /><testcase classname="tests.performance.test_performance.TestBasicPerformance" name="test_file_throughput_performance" time="1.064" /><testcase classname="tests.performance.test_performance.TestTableGenerationPerformance" name="test_bulk_table_generation_performance" time="1.037" /><testcase classname="tests.performance.test_performance.TestTableGenerationPerformance" name="test_concurrent_table_generation_performance" time="0.222" /><testcase classname="tests.performance.test_performance.TestTableGenerationPerformance" name="test_single_table_generation_performance" time="0.218" /><testcase classname="tests.performance.test_performance.TestConsistencyCheckPerformance" name="test_consistency_check_performance" time="0.248" /><testcase classname="tests.performance.test_performance.TestConsistencyCheckPerformance" name="test_memory_usage_during_large_check" time="1.083" /><testcase classname="tests.unit.consistency_checker.test_consistency_checks.TestTableExistenceChecker" name="test_all_files_exist" time="0.008" /><testcase classname="tests.unit.consistency_checker.test_consistency_checks.TestTableExistenceChecker" name="test_missing_ddl_file" time="0.003" /><testcase classname="tests.unit.consistency_checker.test_consistency_checks.TestTableExistenceChecker" name="test_missing_markdown_file" time="0.004" /><testcase classname="tests.unit.consistency_checker.test_consistency_checks.TestTableExistenceChecker" name="test_missing_yaml_file" time="0.002" /><testcase classname="tests.unit.consistency_checker.test_consistency_checks.TestColumnConsistencyChecker" name="test_consistent_columns" time="0.006" /><testcase classname="tests.unit.consistency_checker.test_consistency_checks.TestColumnConsistencyChecker" name="test_data_type_mismatch" time="0.004" /><testcase classname="tests.unit.consistency_checker.test_consistency_checks.TestColumnConsistencyChecker" name="test_nullable_mismatch" time="0.004" /><testcase classname="tests.unit.consistency_checker.test_consistency_checks.TestForeignKeyChecker" name="test_data_type_mismatch_in_foreign_key" time="0.010" /><testcase classname="tests.unit.consistency_checker.test_consistency_checks.TestForeignKeyChecker" name="test_missing_reference_table" time="0.007" /><testcase classname="tests.unit.consistency_checker.test_consistency_checks.TestForeignKeyChecker" name="test_valid_foreign_key" time="0.008" /><testcase classname="tests.unit.consistency_checker.test_consistency_checks.TestNamingConventionChecker" name="test_invalid_column_names" time="0.002" /><testcase classname="tests.unit.consistency_checker.test_consistency_checks.TestNamingConventionChecker" name="test_invalid_table_names" time="0.003" /><testcase classname="tests.unit.consistency_checker.test_consistency_checks.TestNamingConventionChecker" name="test_valid_column_names" time="0.003" /><testcase classname="tests.unit.consistency_checker.test_consistency_checks.TestNamingConventionChecker" name="test_valid_table_names" time="0.002" /><testcase classname="tests.unit.consistency_checker.test_consistency_checks.TestOrphanedFileChecker" name="test_no_orphaned_files" time="0.004" /><testcase classname="tests.unit.consistency_checker.test_consistency_checks.TestOrphanedFileChecker" name="test_orphaned_ddl_file" time="0.005" /><testcase classname="tests.unit.consistency_checker.test_consistency_checks.TestOrphanedFileChecker" name="test_orphaned_markdown_file" time="0.004" /><testcase classname="tests.unit.consistency_checker.test_consistency_checks.TestOrphanedFileChecker" name="test_orphaned_yaml_file" time="0.003" /><testcase classname="tests.unit.shared.test_shared_components.TestDatabaseToolsConfig" name="test_custom_configuration" time="0.004" /><testcase classname="tests.unit.shared.test_shared_components.TestDatabaseToolsConfig" name="test_default_configuration" time="0.004" /><testcase classname="tests.unit.shared.test_shared_components.TestDatabaseToolsConfig" name="test_environment_configuration" time="0.008" /><testcase classname="tests.unit.shared.test_shared_components.TestDatabaseToolsConfig" name="test_path_generation_methods" time="0.005" /><testcase classname="tests.unit.shared.test_shared_components.TestLogger" name="test_log_levels" time="0.002" /><testcase classname="tests.unit.shared.test_shared_components.TestLogger" name="test_structured_logging" time="0.002" /><testcase classname="tests.unit.shared.test_shared_components.TestYAMLParserAdvanced" name="test_parse_with_complex_foreign_keys" time="0.013" /><testcase classname="tests.unit.shared.test_shared_components.TestYAMLParserAdvanced" name="test_parse_with_unicode_content" time="0.005" /><testcase classname="tests.unit.shared.test_shared_components.TestDDLParserAdvanced" name="test_parse_complex_ddl" time="0.024" /><testcase classname="tests.unit.shared.test_shared_components.TestDDLParserAdvanced" name="test_parse_ddl_with_comments" time="0.003" /><testcase classname="tests.unit.shared.test_shared_components.TestFilesystemAdapter" name="test_directory_operations" time="0.004" /><testcase classname="tests.unit.shared.test_shared_components.TestFilesystemAdapter" name="test_file_operations_with_encoding" time="0.005" /><testcase classname="tests.unit.shared.test_shared_components.TestFilesystemAdapter" name="test_list_files_operations" time="0.005" /><testcase classname="tests.unit.shared.test_shared_components.TestFilesystemAdapter" name="test_read_write_operations" time="0.003" /><testcase classname="tests.unit.shared.test_shared_components.TestDataTransformAdapter" name="test_dict_to_table_definition" time="0.002" /><testcase classname="tests.unit.shared.test_shared_components.TestDataTransformAdapter" name="test_normalize_data_types" time="0.002" /><testcase classname="tests.unit.shared.test_shared_components.TestDataTransformAdapter" name="test_table_definition_to_dict" time="0.001" /><testcase classname="tests.unit.shared.test_shared_components.TestDataTransformAdapter" name="test_validate_table_name" time="0.002" /><testcase classname="tests.unit.shared.test_shared_components.TestFileManager" name="test_backup_creation" time="0.003" /><testcase classname="tests.unit.shared.test_shared_components.TestFileManager" name="test_file_listing" time="0.004" /><testcase classname="tests.unit.shared.test_shared_components.TestFileManager" name="test_read_write_operations" time="0.002" /><testcase classname="tests.unit.shared.test_shared_components.TestFileManager" name="test_yaml_operations" time="0.008" /><testcase classname="tests.unit.shared.test_shared_components.TestErrorHandlingIntegration" name="test_configuration_error_handling" time="0.005" /><testcase classname="tests.unit.shared.test_shared_components.TestErrorHandlingIntegration" name="test_validation_error_propagation" time="0.002" /><testcase classname="tests.unit.table_generator.test_table_generation.TestYAMLParser" name="test_parse_invalid_column_definition" time="0.006" /><testcase classname="tests.unit.table_generator.test_table_generation.TestYAMLParser" name="test_parse_invalid_yaml_syntax" time="0.005" /><testcase classname="tests.unit.table_generator.test_table_generation.TestYAMLParser" name="test_parse_missing_required_fields" time="0.004" /><testcase classname="tests.unit.table_generator.test_table_generation.TestYAMLParser" name="test_parse_valid_yaml" time="0.012" /><testcase classname="tests.unit.table_generator.test_table_generation.TestDDLGenerator" name="test_generate_create_table_statement" time="0.001" /><testcase classname="tests.unit.table_generator.test_table_generation.TestDDLGenerator" name="test_generate_foreign_key_constraints" time="0.001" /><testcase classname="tests.unit.table_generator.test_table_generation.TestDDLGenerator" name="test_generate_index_statements" time="0.002" /><testcase classname="tests.unit.table_generator.test_table_generation.TestDDLGenerator" name="test_generate_mysql_format" time="0.001" /><testcase classname="tests.unit.table_generator.test_table_generation.TestDDLGenerator" name="test_generate_with_comments" time="0.001" /><testcase classname="tests.unit.table_generator.test_table_generation.TestDDLGenerator" name="test_generate_with_drop_statements" time="0.005" /><testcase classname="tests.unit.table_generator.test_table_generation.TestDDLGenerator" name="test_generate_with_unique_index" time="0.002" /><testcase classname="tests.unit.table_generator.test_table_generation.TestDDLGenerator" name="test_generate_without_comments" time="0.001" /><testcase classname="tests.unit.table_generator.test_table_generation.TestDDLGenerator" name="test_generate_without_foreign_keys" time="0.001" /><testcase classname="tests.unit.table_generator.test_table_generation.TestDDLGenerator" name="test_generate_without_indexes" time="0.001" /><testcase classname="tests.unit.table_generator.test_table_generation.TestErrorHandling" name="test_ddl_generation_with_invalid_table_def" time="0.002" /><testcase classname="tests.unit.table_generator.test_table_generation.TestErrorHandling" name="test_file_not_found_handling" time="0.002" /><testcase classname="tests.unit.table_generator.test_table_generation.TestErrorHandling" name="test_generation_error_handling" time="0.002" /><testcase classname="tests.unit.table_generator.test_table_generation.TestErrorHandling" name="test_validation_error_handling" time="0.002" /><testcase classname="tests.unit.table_generator.test_table_generation.TestTableDefinitionModel" name="test_get_column_by_name" time="0.001" /><testcase classname="tests.unit.table_generator.test_table_generation.TestTableDefinitionModel" name="test_get_column_by_name_not_found" time="0.001" /><testcase classname="tests.unit.table_generator.test_table_generation.TestTableDefinitionModel" name="test_get_primary_key_columns" time="0.002" /><testcase classname="tests.unit.table_generator.test_table_generation.TestTableDefinitionModel" name="test_has_tenant_id" time="0.001" /><testcase classname="tests.unit.table_generator.test_table_generation.TestTableDefinitionModel" name="test_to_dict" time="0.002" /><testcase classname="tests.unit.table_generator.test_table_generation.TestColumnDefinitionModel" name="test_data_type_normalization" time="0.001" /><testcase classname="tests.unit.table_generator.test_table_generation.TestColumnDefinitionModel" name="test_primary_key_auto_not_null" time="0.001" /><testcase classname="tests.unit.table_generator.test_table_generation.TestColumnDefinitionModel" name="test_to_ddl_fragment" time="0.001" /><testcase classname="tests.unit.table_generator.test_table_generation.TestIndexDefinitionModel" name="test_to_ddl" time="0.002" /><testcase classname="tests.unit.table_generator.test_table_generation.TestIndexDefinitionModel" name="test_unique_index_to_ddl" time="0.001" /><testcase classname="tests.unit.table_generator.test_table_generation.TestForeignKeyDefinitionModel" name="test_backward_compatibility" time="0.001" /><testcase classname="tests.unit.table_generator.test_table_generation.TestForeignKeyDefinitionModel" name="test_to_ddl" time="0.001" /></testsuite></testsuites>